<?xml version="1.0" encoding="UTF-8"?>
<!-- Generated by org.testng.reporters.JUnitXMLReporter -->
<testsuite hostname="LAPTOP-39B32HH7" ignored="1" name="homeWorkWeek12" tests="1" failures="1" timestamp="01 Dec 2020 13:10:50 GMT" time="28.349" errors="0">
  <testcase name="verifyProductAddedToShoppingCartSuccessFully" time="20.31" classname="com.nopcommerce.demo.testsuite.TestSuite">
    <failure type="java.lang.AssertionError" message="expected [$1,475.00] but found [$1,470.00]">
      <![CDATA[java.lang.AssertionError: expected [$1,475.00] but found [$1,470.00]
at com.nopcommerce.demo.testsuite.TestSuite.verifyProductAddedToShoppingCartSuccessFully(TestSuite.java:43)
at com.intellij.rt.testng.IDEARemoteTestNG.run(IDEARemoteTestNG.java:66)
at com.intellij.rt.testng.RemoteTestNGStarter.main(RemoteTestNGStarter.java:109)
... Removed 28 stack frames]]>
    </failure>
  </testcase> <!-- verifyProductAddedToShoppingCartSuccessFully -->
  <testcase name="verifyProductSortedAlphabetically" time="0.0" classname="com.nopcommerce.demo.testsuite.TestSuite">
    <ignored/>
  </testcase> <!-- verifyProductSortedAlphabetically -->
</testsuite> <!-- homeWorkWeek12 -->
