<?xml version="1.0" encoding="UTF-8"?>
<testng-results skipped="0" failed="1" ignored="1" total="2" passed="0">
  <reporter-output>
    <line>
      <![CDATA[Click on Computer Link By.xpath: //ul[@class='top-menu notmobile']//a[contains(text(),'Computers')]<br>]]>
    </line>
    <line>
      <![CDATA[Click on DeskTop Link By.xpath: //h2[@class='title']//a[contains(text(),'Desktops')]<br>]]>
    </line>
    <line>
      <![CDATA[Actual Message on Desktop Page By.xpath: //h1[contains(text(),'Desktops')]<br>]]>
    </line>
    <line>
      <![CDATA[Sorts Product AtoZBy.id: products-orderby<br>]]>
    </line>
    <line>
      <![CDATA[Clicks on Add to Cart Button By.xpath: //input[@onclick='return AjaxCart.addproducttocart_catalog("/addproducttocart/catalog/1/1/1"),!1']<br>]]>
    </line>
    <line>
      <![CDATA[Actual Message on Build your commputer Page By.xpath: //h1[contains(text(),'Build your own computer')]<br>]]>
    </line>
    <line>
      <![CDATA[Drop Down Processor By.xpath: //select[@id='product_attribute_1']<br>]]>
    </line>
    <line>
      <![CDATA[Drop Down for RAM By.xpath: //select[@id='product_attribute_2']<br>]]>
    </line>
    <line>
      <![CDATA[Clicks on Radio Button - HDD By.xpath: //input[@id='product_attribute_3_7']<br>]]>
    </line>
    <line>
      <![CDATA[Clicks on Radio Button OS By.xpath: //input[@id='product_attribute_4_9']<br>]]>
    </line>
    <line>
      <![CDATA[Check Box Commander By.xpath: //input[@id='product_attribute_5_12']<br>]]>
    </line>
    <line>
      <![CDATA[Acutal Amount Verify By.xpath: //span[@class='price-value-1']<br>]]>
    </line>
  </reporter-output>
  <suite name="Default Suite" duration-ms="28349" started-at="2020-12-01T13:10:21Z" finished-at="2020-12-01T13:10:50Z">
    <groups>
    </groups>
    <test name="homeWorkWeek12" duration-ms="28349" started-at="2020-12-01T13:10:21Z" finished-at="2020-12-01T13:10:50Z">
      <class name="com.nopcommerce.demo.testsuite.TestSuite">
        <test-method status="PASS" signature="setUp()[pri:0, instance:com.nopcommerce.demo.testsuite.TestSuite@6108b2d7]" name="setUp" is-config="true" duration-ms="7350" started-at="2020-12-01T13:10:21Z" finished-at="2020-12-01T13:10:29Z">
          <reporter-output>
          </reporter-output>
        </test-method> <!-- setUp -->
        <test-method status="FAIL" signature="verifyProductAddedToShoppingCartSuccessFully()[pri:2, instance:com.nopcommerce.demo.testsuite.TestSuite@6108b2d7]" name="verifyProductAddedToShoppingCartSuccessFully" duration-ms="20310" started-at="2020-12-01T13:10:29Z" finished-at="2020-12-01T13:10:49Z">
          <exception class="java.lang.AssertionError">
            <message>
              <![CDATA[expected [$1,475.00] but found [$1,470.00]]]>
            </message>
            <full-stacktrace>
              <![CDATA[java.lang.AssertionError: expected [$1,475.00] but found [$1,470.00]
at org.testng.Assert.fail(Assert.java:96)
at org.testng.Assert.failNotEquals(Assert.java:776)
at org.testng.Assert.assertEqualsImpl(Assert.java:137)
at org.testng.Assert.assertEquals(Assert.java:118)
at org.testng.Assert.assertEquals(Assert.java:453)
at org.testng.Assert.assertEquals(Assert.java:463)
at com.nopcommerce.demo.testsuite.TestSuite.verifyProductAddedToShoppingCartSuccessFully(TestSuite.java:43)
at sun.reflect.NativeMethodAccessorImpl.invoke0(Native Method)
at sun.reflect.NativeMethodAccessorImpl.invoke(NativeMethodAccessorImpl.java:62)
at sun.reflect.DelegatingMethodAccessorImpl.invoke(DelegatingMethodAccessorImpl.java:43)
at java.lang.reflect.Method.invoke(Method.java:498)
at org.testng.internal.MethodInvocationHelper.invokeMethod(MethodInvocationHelper.java:124)
at org.testng.internal.Invoker.invokeMethod(Invoker.java:583)
at org.testng.internal.Invoker.invokeTestMethod(Invoker.java:719)
at org.testng.internal.Invoker.invokeTestMethods(Invoker.java:989)
at org.testng.internal.TestMethodWorker.invokeTestMethods(TestMethodWorker.java:125)
at org.testng.internal.TestMethodWorker.run(TestMethodWorker.java:109)
at org.testng.TestRunner.privateRun(TestRunner.java:648)
at org.testng.TestRunner.run(TestRunner.java:505)
at org.testng.SuiteRunner.runTest(SuiteRunner.java:455)
at org.testng.SuiteRunner.runSequentially(SuiteRunner.java:450)
at org.testng.SuiteRunner.privateRun(SuiteRunner.java:415)
at org.testng.SuiteRunner.run(SuiteRunner.java:364)
at org.testng.SuiteRunnerWorker.runSuite(SuiteRunnerWorker.java:52)
at org.testng.SuiteRunnerWorker.run(SuiteRunnerWorker.java:84)
at org.testng.TestNG.runSuitesSequentially(TestNG.java:1208)
at org.testng.TestNG.runSuitesLocally(TestNG.java:1137)
at org.testng.TestNG.runSuites(TestNG.java:1049)
at org.testng.TestNG.run(TestNG.java:1017)
at com.intellij.rt.testng.IDEARemoteTestNG.run(IDEARemoteTestNG.java:66)
at com.intellij.rt.testng.RemoteTestNGStarter.main(RemoteTestNGStarter.java:109)
]]>
            </full-stacktrace>
          </exception> <!-- java.lang.AssertionError -->
          <reporter-output>
            <line>
              <![CDATA[Click on Computer Link By.xpath: //ul[@class='top-menu notmobile']//a[contains(text(),'Computers')]<br>]]>
            </line>
            <line>
              <![CDATA[Click on DeskTop Link By.xpath: //h2[@class='title']//a[contains(text(),'Desktops')]<br>]]>
            </line>
            <line>
              <![CDATA[Actual Message on Desktop Page By.xpath: //h1[contains(text(),'Desktops')]<br>]]>
            </line>
            <line>
              <![CDATA[Sorts Product AtoZBy.id: products-orderby<br>]]>
            </line>
            <line>
              <![CDATA[Clicks on Add to Cart Button By.xpath: //input[@onclick='return AjaxCart.addproducttocart_catalog("/addproducttocart/catalog/1/1/1"),!1']<br>]]>
            </line>
            <line>
              <![CDATA[Actual Message on Build your commputer Page By.xpath: //h1[contains(text(),'Build your own computer')]<br>]]>
            </line>
            <line>
              <![CDATA[Drop Down Processor By.xpath: //select[@id='product_attribute_1']<br>]]>
            </line>
            <line>
              <![CDATA[Drop Down for RAM By.xpath: //select[@id='product_attribute_2']<br>]]>
            </line>
            <line>
              <![CDATA[Clicks on Radio Button - HDD By.xpath: //input[@id='product_attribute_3_7']<br>]]>
            </line>
            <line>
              <![CDATA[Clicks on Radio Button OS By.xpath: //input[@id='product_attribute_4_9']<br>]]>
            </line>
            <line>
              <![CDATA[Check Box Commander By.xpath: //input[@id='product_attribute_5_12']<br>]]>
            </line>
            <line>
              <![CDATA[Acutal Amount Verify By.xpath: //span[@class='price-value-1']<br>]]>
            </line>
          </reporter-output>
        </test-method> <!-- verifyProductAddedToShoppingCartSuccessFully -->
        <test-method status="PASS" signature="tearDown()[pri:0, instance:com.nopcommerce.demo.testsuite.TestSuite@6108b2d7]" name="tearDown" is-config="true" duration-ms="671" started-at="2020-12-01T13:10:49Z" finished-at="2020-12-01T13:10:50Z">
          <reporter-output>
          </reporter-output>
        </test-method> <!-- tearDown -->
      </class> <!-- com.nopcommerce.demo.testsuite.TestSuite -->
    </test> <!-- homeWorkWeek12 -->
  </suite> <!-- Default Suite -->
</testng-results>
